2026-01-31 18:04:25,174 - INFO - Loading data fromd:\Cab Demand Forecasting\data\processed\train_ready.csv...
2026-01-31 18:04:25,729 - INFO - Training Data Shape:(99666, 6)
2026-01-31 18:04:25,729 - INFO - Training model with XGBoost....
2026-01-31 18:04:30,364 - INFO - Training complete pipeline saved successfully
2026-01-31 18:47:18,424 - INFO - Loading data fromd:\Cab Demand Forecasting\data\processed\train_ready.csv...
2026-01-31 18:47:18,922 - INFO - Training Data Shape:(99666, 6)
2026-01-31 18:47:18,922 - INFO - Training model with XGBoost....
2026-01-31 18:47:24,770 - INFO - Training complete pipeline saved successfully
2026-01-31 19:18:38,342 - INFO - Loading data fromd:\Cab Demand Forecasting\data\processed\train_ready.csv...
2026-01-31 19:18:38,761 - INFO - Training Data Shape:(99666, 6)
2026-01-31 19:18:38,761 - INFO - Training model with XGBoost....
2026-01-31 19:18:44,098 - INFO - Training complete pipeline saved successfully
2026-02-01 02:17:43,581 - INFO - Loading data fromD:\Cab Demand Forecasting\data\processed\train_ready.csv...
2026-02-01 02:17:44,566 - INFO - Training Data Shape:(99666, 6)
2026-02-01 02:17:44,566 - INFO - Training model with XGBoost....
2026-02-01 02:18:02,654 - INFO - Training complete pipeline saved successfully
2026-02-01 02:26:42,528 - INFO - Loading data fromD:\Cab Demand Forecasting\data\processed\train_ready.csv...
2026-02-01 02:26:43,451 - INFO - Training Data Shape:(99666, 6)
2026-02-01 02:26:43,452 - INFO - Training model with XGBoost....
2026-02-01 02:27:00,716 - INFO - Training complete pipeline saved successfully
